<?xml version='1.0' encoding='UTF-8'?>
<testsuite hostname="daunnc-macbook" name="io.pdal.pipeline.PipelineExpressionsSpec" tests="2" errors="0" failures="0" time="0.862">
                     <properties>
[...]
</properties>
                     <testcase classname="io.pdal.pipeline.PipelineExpressionsSpec" name="Pipeline Expressions spec should print a correct json, using DSL" time="0.846">
                                                 
                                               </testcase><testcase classname="io.pdal.pipeline.PipelineExpressionsSpec" name="Pipeline Expressions spec should print a correct json, using RAW JSON" time="0.016">
                                                 
                                               </testcase>
                     <system-out></system-out>
                     <system-err></system-err>
                   </testsuite>